  EnumerateCamera.c
  ExtensionUnit.c
c:\users\teenavithayathil\source\repos\project1\project1\extensionunit.c(48): warning C4133: 'function': incompatible types - from 'unsigned short [5]' to 'const char *'
c:\users\teenavithayathil\source\repos\project1\project1\extensionunit.c(44): warning C4996: 'strncpy': This function or variable may be unsafe. Consider using strncpy_s instead. To disable deprecation, use _CRT_SECURE_NO_WARNINGS. See online help for details.
  c:\program files (x86)\windows kits\10\include\10.0.19041.0\ucrt\string.h(334): note: see declaration of 'strncpy'
c:\users\teenavithayathil\source\repos\project1\project1\extensionunit.c(50): warning C4996: 'strncpy': This function or variable may be unsafe. Consider using strncpy_s instead. To disable deprecation, use _CRT_SECURE_NO_WARNINGS. See online help for details.
  c:\program files (x86)\windows kits\10\include\10.0.19041.0\ucrt\string.h(334): note: see declaration of 'strncpy'
c:\users\teenavithayathil\source\repos\project1\project1\extensionunit.c(94): warning C4996: 'strcpy': This function or variable may be unsafe. Consider using strcpy_s instead. To disable deprecation, use _CRT_SECURE_NO_WARNINGS. See online help for details.
c:\users\teenavithayathil\source\repos\project1\project1\extensionunit.c(108): warning C4047: 'return': 'BOOL' differs in levels of indirection from 'void *'
c:\users\teenavithayathil\source\repos\project1\project1\extensionunit.c(115): warning C4047: 'return': 'BOOL' differs in levels of indirection from 'void *'
c:\users\teenavithayathil\source\repos\project1\project1\extensionunit.c(126): warning C4047: 'return': 'BOOL' differs in levels of indirection from 'void *'
c:\users\teenavithayathil\source\repos\project1\project1\extensionunit.c(142): warning C4047: 'function': 'DWORD' differs in levels of indirection from 'void *'
c:\users\teenavithayathil\source\repos\project1\project1\extensionunit.c(142): warning C4024: 'SetupDiGetDeviceInterfaceDetailW': different types for formal and actual parameter 4
c:\users\teenavithayathil\source\repos\project1\project1\extensionunit.c(147): warning C4047: 'return': 'BOOL' differs in levels of indirection from 'void *'
c:\users\teenavithayathil\source\repos\project1\project1\extensionunit.c(156): warning C4133: 'function': incompatible types - from 'char [260]' to 'PWSTR'
c:\users\teenavithayathil\source\repos\project1\project1\extensionunit.c(156): warning C4311: 'type cast': pointer truncation from 'char [260]' to 'ULONG'
c:\users\teenavithayathil\source\repos\project1\project1\extensionunit.c(202): warning C4996: 'strcpy': This function or variable may be unsafe. Consider using strcpy_s instead. To disable deprecation, use _CRT_SECURE_NO_WARNINGS. See online help for details.
c:\users\teenavithayathil\source\repos\project1\project1\extensionunit.c(207): warning C4133: 'function': incompatible types - from 'char [15]' to 'const wchar_t *'
c:\users\teenavithayathil\source\repos\project1\project1\extensionunit.c(224): warning C4047: 'return': 'BOOL' differs in levels of indirection from 'void *'
c:\users\teenavithayathil\source\repos\project1\project1\extensionunit.c(236): warning C4047: 'return': 'BOOL' differs in levels of indirection from 'void *'
c:\users\teenavithayathil\source\repos\project1\project1\extensionunit.c(248): warning C4047: 'return': 'BOOL' differs in levels of indirection from 'void *'
c:\users\teenavithayathil\source\repos\project1\project1\extensionunit.c(255): warning C4047: 'return': 'BOOL' differs in levels of indirection from 'void *'
c:\users\teenavithayathil\source\repos\project1\project1\extensionunit.c(259): warning C4477: 'printf' : format string '%x' requires an argument of type 'unsigned int', but variadic argument 1 has type 'UINT32 *'
c:\users\teenavithayathil\source\repos\project1\project1\extensionunit.c(259): warning C4313: 'printf': '%x' in format string conflicts with argument 1 of type 'UINT32 *'
c:\users\teenavithayathil\source\repos\project1\project1\extensionunit.c(263): warning C4477: 'printf' : format string '%x' requires an argument of type 'unsigned int', but variadic argument 1 has type 'UINT32 *'
c:\users\teenavithayathil\source\repos\project1\project1\extensionunit.c(263): warning C4313: 'printf': '%x' in format string conflicts with argument 1 of type 'UINT32 *'
c:\users\teenavithayathil\source\repos\project1\project1\extensionunit.c(273): warning C4133: 'function': incompatible types - from 'char [35]' to 'LPCWSTR'
c:\users\teenavithayathil\source\repos\project1\project1\extensionunit.c(78): warning C4996: 'GetVersionExW': was declared deprecated
  c:\program files (x86)\windows kits\10\include\10.0.19041.0\um\sysinfoapi.h(423): note: see declaration of 'GetVersionExW'
c:\users\teenavithayathil\source\repos\project1\project1\extensionunit.c(89): warning C4996: 'strupr': The POSIX name for this item is deprecated. Instead, use the ISO C and C++ conformant name: _strupr. See online help for details.
  c:\program files (x86)\windows kits\10\include\10.0.19041.0\ucrt\string.h(580): note: see declaration of 'strupr'
c:\users\teenavithayathil\source\repos\project1\project1\extensionunit.c(91): warning C4996: 'strncpy': This function or variable may be unsafe. Consider using strncpy_s instead. To disable deprecation, use _CRT_SECURE_NO_WARNINGS. See online help for details.
  c:\program files (x86)\windows kits\10\include\10.0.19041.0\ucrt\string.h(334): note: see declaration of 'strncpy'
c:\users\teenavithayathil\source\repos\project1\project1\extensionunit.c(198): warning C4996: 'strupr': The POSIX name for this item is deprecated. Instead, use the ISO C and C++ conformant name: _strupr. See online help for details.
  c:\program files (x86)\windows kits\10\include\10.0.19041.0\ucrt\string.h(580): note: see declaration of 'strupr'
c:\users\teenavithayathil\source\repos\project1\project1\extensionunit.c(200): warning C4996: 'strncpy': This function or variable may be unsafe. Consider using strncpy_s instead. To disable deprecation, use _CRT_SECURE_NO_WARNINGS. See online help for details.
  c:\program files (x86)\windows kits\10\include\10.0.19041.0\ucrt\string.h(334): note: see declaration of 'strncpy'
  ReadFrames.c
  OpenCamera.c
  UVCSettings.c
c:\users\teenavithayathil\source\repos\project1\project1\uvcsettings.c(45): warning C4047: 'function': 'long *' differs in levels of indirection from 'long **'
c:\users\teenavithayathil\source\repos\project1\project1\uvcsettings.c(45): warning C4024: 'function through pointer': different types for formal and actual parameter 7
c:\users\teenavithayathil\source\repos\project1\project1\uvcsettings.c(57): warning C4101: 'type': unreferenced local variable
c:\users\teenavithayathil\source\repos\project1\project1\uvcsettings.c(73): warning C4101: 'type': unreferenced local variable
c:\users\teenavithayathil\source\repos\project1\project1\uvcsettings.c(92): warning C4101: 'flag_details': unreferenced local variable
c:\users\teenavithayathil\source\repos\project1\project1\uvcsettings.c(126): warning C4101: 'def': unreferenced local variable
c:\users\teenavithayathil\source\repos\project1\project1\uvcsettings.c(140): warning C4101: 'def': unreferenced local variable
c:\users\teenavithayathil\source\repos\project1\project1\uvcsettings.c(158): warning C4996: 'scanf': This function or variable may be unsafe. Consider using scanf_s instead. To disable deprecation, use _CRT_SECURE_NO_WARNINGS. See online help for details.
  c:\program files (x86)\windows kits\10\include\10.0.19041.0\ucrt\stdio.h(1276): note: see declaration of 'scanf'
c:\users\teenavithayathil\source\repos\project1\project1\uvcsettings.c(179): warning C4996: 'scanf': This function or variable may be unsafe. Consider using scanf_s instead. To disable deprecation, use _CRT_SECURE_NO_WARNINGS. See online help for details.
  c:\program files (x86)\windows kits\10\include\10.0.19041.0\ucrt\stdio.h(1276): note: see declaration of 'scanf'
c:\users\teenavithayathil\source\repos\project1\project1\uvcsettings.c(209): warning C4473: 'scanf_s' : not enough arguments passed for format string
  c:\users\teenavithayathil\source\repos\project1\project1\uvcsettings.c(209): note: placeholders and their parameters expect 2 variadic arguments, but 1 were provided
  c:\users\teenavithayathil\source\repos\project1\project1\uvcsettings.c(209): note: the missing variadic argument 2 is required by format string '%c'
  c:\users\teenavithayathil\source\repos\project1\project1\uvcsettings.c(209): note: this argument is used as a buffer size
c:\users\teenavithayathil\source\repos\project1\project1\uvcsettings.c(235): warning C4133: 'function': incompatible types - from 'IAMCameraControl *' to 'IAMVideoProcAmp *'
c:\users\teenavithayathil\source\repos\project1\project1\uvcsettings.c(239): warning C4473: 'scanf_s' : not enough arguments passed for format string
  c:\users\teenavithayathil\source\repos\project1\project1\uvcsettings.c(239): note: placeholders and their parameters expect 2 variadic arguments, but 1 were provided
  c:\users\teenavithayathil\source\repos\project1\project1\uvcsettings.c(239): note: the missing variadic argument 2 is required by format string '%c'
  c:\users\teenavithayathil\source\repos\project1\project1\uvcsettings.c(239): note: this argument is used as a buffer size
c:\users\teenavithayathil\source\repos\project1\project1\uvcsettings.c(241): warning C4133: 'function': incompatible types - from 'IAMCameraControl *' to 'IAMVideoProcAmp *'
c:\users\teenavithayathil\source\repos\project1\project1\uvcsettings.c(242): warning C4133: 'function': incompatible types - from 'IAMCameraControl *' to 'IAMVideoProcAmp *'
c:\users\teenavithayathil\source\repos\project1\project1\uvcsettings.c(244): warning C4133: 'function': incompatible types - from 'IAMCameraControl *' to 'IAMVideoProcAmp *'
c:\users\teenavithayathil\source\repos\project1\project1\uvcsettings.c(297): warning C4133: 'function': incompatible types - from 'IAMCameraControl *' to 'IAMVideoProcAmp *'
c:\users\teenavithayathil\source\repos\project1\project1\uvcsettings.c(298): warning C4133: 'function': incompatible types - from 'IAMCameraControl *' to 'IAMVideoProcAmp *'
c:\users\teenavithayathil\source\repos\project1\project1\uvcsettings.c(299): warning C4133: 'function': incompatible types - from 'IAMCameraControl *' to 'IAMVideoProcAmp *'
c:\users\teenavithayathil\source\repos\project1\project1\uvcsettings.c(270): warning C4996: 'scanf': This function or variable may be unsafe. Consider using scanf_s instead. To disable deprecation, use _CRT_SECURE_NO_WARNINGS. See online help for details.
  c:\program files (x86)\windows kits\10\include\10.0.19041.0\ucrt\stdio.h(1276): note: see declaration of 'scanf'
c:\users\teenavithayathil\source\repos\project1\project1\uvcsettings.c(281): warning C4996: 'scanf': This function or variable may be unsafe. Consider using scanf_s instead. To disable deprecation, use _CRT_SECURE_NO_WARNINGS. See online help for details.
  c:\program files (x86)\windows kits\10\include\10.0.19041.0\ucrt\stdio.h(1276): note: see declaration of 'scanf'
c:\users\teenavithayathil\source\repos\project1\project1\uvcsettings.c(296): warning C4996: 'scanf': This function or variable may be unsafe. Consider using scanf_s instead. To disable deprecation, use _CRT_SECURE_NO_WARNINGS. See online help for details.
  c:\program files (x86)\windows kits\10\include\10.0.19041.0\ucrt\stdio.h(1276): note: see declaration of 'scanf'
c:\users\teenavithayathil\source\repos\project1\project1\uvcsettings.c(265): warning C4101: 'prop': unreferenced local variable
  Generating code
  0 of 2 functions ( 0.0%) were compiled, the rest were copied from previous compilation.
    0 functions were new in current compilation
    0 functions had inline decision re-evaluated but remain unchanged
  Finished generating code
  Project1.vcxproj -> C:\Users\TeenaVithayathil\source\repos\Project1\x64\Release\Project1.dll
