c:\users\teenavithayathil\source\repos\project1\project1\x64\release\project1.pdb
c:\users\teenavithayathil\source\repos\project1\project1\x64\release\uvcsettings.obj
c:\users\teenavithayathil\source\repos\project1\project1\x64\release\opencamera.obj
c:\users\teenavithayathil\source\repos\project1\project1\x64\release\readframes.obj
c:\users\teenavithayathil\source\repos\project1\project1\x64\release\extensionunit.obj
c:\users\teenavithayathil\source\repos\project1\project1\x64\release\enumeratecamera.obj
c:\users\teenavithayathil\source\repos\project1\x64\release\project1.lib
c:\users\teenavithayathil\source\repos\project1\x64\release\project1.dll
c:\users\teenavithayathil\source\repos\project1\x64\release\project1.pdb
c:\users\teenavithayathil\source\repos\project1\x64\release\project1.ipdb
c:\users\teenavithayathil\source\repos\project1\x64\release\project1.iobj
c:\users\teenavithayathil\source\repos\project1\project1\x64\release\vc141.pdb
c:\users\teenavithayathil\source\repos\project1\project1\x64\release\project1.tlog\cl.command.1.tlog
c:\users\teenavithayathil\source\repos\project1\project1\x64\release\project1.tlog\cl.read.1.tlog
c:\users\teenavithayathil\source\repos\project1\project1\x64\release\project1.tlog\cl.write.1.tlog
c:\users\teenavithayathil\source\repos\project1\project1\x64\release\project1.tlog\lib-link.write.1.tlog
c:\users\teenavithayathil\source\repos\project1\project1\x64\release\project1.tlog\lib.command.1.tlog
c:\users\teenavithayathil\source\repos\project1\project1\x64\release\project1.tlog\lib.read.1.tlog
c:\users\teenavithayathil\source\repos\project1\project1\x64\release\project1.tlog\link.command.1.tlog
c:\users\teenavithayathil\source\repos\project1\project1\x64\release\project1.tlog\link.read.1.tlog
c:\users\teenavithayathil\source\repos\project1\project1\x64\release\project1.tlog\link.write.1.tlog
c:\users\teenavithayathil\source\repos\project1\project1\x64\release\project1.tlog\project1.write.1u.tlog
